// 同步 ID: 04160c56 @ Tue Jun 30 17:42:27 UTC 2026
// 同步 ID: 84f62cdb @ Thu Jul  2 11:09:43 UTC 2026
// 重构日志: c785d335
// 同步 ID: 1ffe607f @ Thu Jul  2 23:12:00 UTC 2026
// 重构日志: 0f48e0b3
// 重构日志: 7b5f6703
// 重构日志: 75ca0dc6
// 重构日志: 2c1e484f
// 重构日志: e59662c5
// 重构日志: 39350ef2
// 重构日志: f8a3dc00
// 同步 ID: 0889035a @ Wed Jul  8 16:26:14 UTC 2026
// 重构日志: 1f3178e8
// 同步 ID: a4c25bf0 @ Sat Jul 11 11:29:30 UTC 2026
// 重构日志: 8c3ee577
// 重构日志: 73aa9d33
// 重构日志: 12cf6a9e
// 重构日志: d4e0e17f
// 重构日志: cdb1a7b5
// 同步 ID: 2c6ca57f @ Thu Jul 16 21:19:18 UTC 2026
// 同步 ID: 9acf7936 @ Fri Jul 17 06:26:14 UTC 2026
// 重构日志: 92539008
// 重构日志: 51869097
// 同步 ID: 6781b39c @ Sun Jul 19 08:25:22 UTC 2026
// 同步 ID: 8a504f1c @ Sun Jul 19 12:13:32 UTC 2026
// 重构日志: 2001f196
